<?xml version="1.0" encoding="UTF-8"?>
<!-- Generated by org.testng.reporters.JUnitReportReporter -->
<testsuite hostname="LAPTOP-LG4K5LS5" failures="0" tests="4" name="pratice.BookTicket" time="0.014" errors="0" timestamp="2022-02-02T01:50:31 IST" skipped="0">
  <testcase classname="pratice.BookTicket" name="bookTicketTest" time="0.009"/>
  <system-out/>
  <testcase classname="pratice.BookTicket" name="bookTicketTest" time="0.001"/>
  <system-out/>
  <testcase classname="pratice.BookTicket" name="bookTicketTest" time="0.002"/>
  <system-out/>
  <testcase classname="pratice.BookTicket" name="bookTicketTest" time="0.002"/>
  <system-out/>
</testsuite> <!-- pratice.BookTicket -->
