<?xml version="1.0" encoding="UTF-8"?>
<!-- Generated by org.testng.reporters.JUnitReportReporter -->
<testsuite hostname="LAPTOP-LG4K5LS5" failures="0" tests="3" name="com.ProductTest.EditingDescriptionInformationForProduct" time="12.540" errors="0" timestamp="2022-01-30T23:51:59 IST" skipped="0">
  <testcase classname="com.ProductTest.EditingDescriptionInformationForProduct" name="search" time="8.437"/>
  <system-out/>
  <testcase classname="com.ProductTest.EditingDescriptionInformationForProduct" name="edit" time="3.176"/>
  <system-out/>
  <testcase classname="com.ProductTest.EditingDescriptionInformationForProduct" name="logout" time="0.927"/>
  <system-out/>
</testsuite> <!-- com.ProductTest.EditingDescriptionInformationForProduct -->
