<?xml version="1.0" encoding="UTF-8"?>
<!-- Generated by org.testng.reporters.JUnitReportReporter -->
<testsuite hostname="LAPTOP-LG4K5LS5" failures="0" tests="3" name="com.ProductTest.EditingProductImageInformationForProduct" time="13.928" errors="0" timestamp="2022-01-17T11:38:18 IST" skipped="0">
  <testcase classname="com.ProductTest.EditingProductImageInformationForProduct" name="openBrowser" time="4.304"/>
  <system-out/>
  <testcase classname="com.ProductTest.EditingProductImageInformationForProduct" name="search" time="9.434"/>
  <system-out/>
  <testcase classname="com.ProductTest.EditingProductImageInformationForProduct" name="addImage" time="0.190"/>
  <system-out/>
</testsuite> <!-- com.ProductTest.EditingProductImageInformationForProduct -->
