<?xml version="1.0" encoding="UTF-8"?>
<!-- Generated by org.testng.reporters.JUnitReportReporter -->
<testsuite hostname="LAPTOP-LG4K5LS5" failures="0" tests="4" name="com.ProductTest.EditingStockInformationForProduct" time="41.686" errors="0" timestamp="2022-01-30T23:51:30 IST" skipped="0">
  <testcase classname="com.ProductTest.EditingStockInformationForProduct" name="login" time="12.657"/>
  <system-out/>
  <testcase classname="com.ProductTest.EditingStockInformationForProduct" name="search" time="19.954"/>
  <system-out/>
  <testcase classname="com.ProductTest.EditingStockInformationForProduct" name="edit" time="6.633"/>
  <system-out/>
  <testcase classname="com.ProductTest.EditingStockInformationForProduct" name="logout" time="2.442"/>
  <system-out/>
</testsuite> <!-- com.ProductTest.EditingStockInformationForProduct -->
