<?xml version="1.0" encoding="UTF-8"?>
<!-- Generated by org.testng.reporters.JUnitReportReporter -->
<testsuite hostname="LAPTOP-LG4K5LS5" failures="0" tests="1" name="com.crm.comcast.contacttest.CreateContactWithOrgTest" time="32.651" errors="0" timestamp="2022-02-25T14:28:52 IST" skipped="0">
  <testcase classname="com.crm.comcast.contacttest.CreateContactWithOrgTest" name="endToEnd" time="32.651"/>
  <system-out/>
</testsuite> <!-- com.crm.comcast.contacttest.CreateContactWithOrgTest -->
