<?xml version="1.0" encoding="UTF-8"?>
<!-- Generated by org.testng.reporters.JUnitReportReporter -->
<testsuite hostname="LAPTOP-LG4K5LS5" failures="0" tests="4" name="pratice.OrgNameContaName" time="0.025" errors="0" timestamp="2022-02-02T01:58:49 IST" skipped="0">
  <testcase classname="pratice.OrgNameContaName" name="orgNameConNameTest" time="0.009"/>
  <system-out/>
  <testcase classname="pratice.OrgNameContaName" name="orgNameConNameTest" time="0.005"/>
  <system-out/>
  <testcase classname="pratice.OrgNameContaName" name="orgNameConNameTest" time="0.008"/>
  <system-out/>
  <testcase classname="pratice.OrgNameContaName" name="orgNameConNameTest" time="0.003"/>
  <system-out/>
</testsuite> <!-- pratice.OrgNameContaName -->
