<?xml version="1.0" encoding="UTF-8"?>
<!-- Generated by org.testng.reporters.JUnitReportReporter -->
<testsuite hostname="LAPTOP-LG4K5LS5" failures="0" tests="1" name="Database.UnitTesting" time="0.408" errors="0" timestamp="2022-02-01T15:44:02 IST" skipped="0">
  <testcase classname="Database.UnitTesting" name="uniTesting" time="0.408"/>
  <system-out/>
</testsuite> <!-- Database.UnitTesting -->
