<?xml version="1.0" encoding="UTF-8"?>
<!-- Generated by org.testng.reporters.JUnitReportReporter -->
<testsuite hostname="LAPTOP-LG4K5LS5" failures="0" tests="4" name="pratice.OrgNameContaName" time="0.010" errors="0" timestamp="2022-04-03T20:10:26 IST" skipped="0">
  <testcase classname="pratice.OrgNameContaName" name="orgNameConNameTest" time="0.001"/>
  <system-out/>
  <testcase classname="pratice.OrgNameContaName" name="orgNameConNameTest" time="0.001"/>
  <system-out/>
  <testcase classname="pratice.OrgNameContaName" name="orgNameConNameTest" time="0.007"/>
  <system-out/>
  <testcase classname="pratice.OrgNameContaName" name="orgNameConNameTest" time="0.001"/>
  <system-out/>
</testsuite> <!-- pratice.OrgNameContaName -->
