<?xml version="1.0" encoding="UTF-8"?>
<!-- Generated by org.testng.reporters.JUnitReportReporter -->
<testsuite hostname="LAPTOP-LG4K5LS5" failures="0" tests="1" name="com.crm.comcast.orgTest.CreateOrgaIndustryTest" time="11.736" errors="0" timestamp="2022-02-01T15:30:05 IST" skipped="0">
  <testcase classname="com.crm.comcast.orgTest.CreateOrgaIndustryTest" name="orgCreate" time="11.736"/>
  <system-out/>
</testsuite> <!-- com.crm.comcast.orgTest.CreateOrgaIndustryTest -->
