<?xml version="1.0" encoding="UTF-8"?>
<!-- Generated by org.testng.reporters.JUnitReportReporter -->
<testsuite hostname="LAPTOP-LG4K5LS5" failures="0" tests="1" name="pratice.moreScriptTest" time="12.131" errors="0" timestamp="2022-02-27T18:13:21 IST" skipped="0">
  <testcase classname="pratice.moreScriptTest" name="more" time="12.131"/>
  <system-out/>
</testsuite> <!-- pratice.moreScriptTest -->
