<?xml version="1.0" encoding="UTF-8"?>
<!-- Generated by org.testng.reporters.JUnitReportReporter -->
<testsuite hostname="LAPTOP-LG4K5LS5" failures="0" tests="1" name="com.crm.CalenderPopupHandling.SelectDateCalenderTest" time="11.352" errors="0" timestamp="2022-03-02T13:34:47 IST" skipped="0">
  <testcase classname="com.crm.CalenderPopupHandling.SelectDateCalenderTest" name="Calender" time="11.352"/>
  <system-out/>
</testsuite> <!-- com.crm.CalenderPopupHandling.SelectDateCalenderTest -->
