<?xml version="1.0" encoding="UTF-8"?>
<!-- Generated by org.testng.reporters.JUnitReportReporter -->
<testsuite hostname="LAPTOP-LG4K5LS5" failures="0" tests="1" name="com.crm.comcast.orgTest.CreateOrgIndustryTypeTest" time="12.501" errors="0" timestamp="2022-02-01T15:42:44 IST" skipped="0">
  <testcase classname="com.crm.comcast.orgTest.CreateOrgIndustryTypeTest" name="orgWithIndustry" time="12.501"/>
  <system-out/>
</testsuite> <!-- com.crm.comcast.orgTest.CreateOrgIndustryTypeTest -->
